Traceback (most recent call last):
  File "/Users/fredericoteixeira/pyenv/rock-env/lib/python3.9/site-packages/jupyter_cache/executors/utils.py", line 51, in single_nb_execution
    executenb(
  File "/Users/fredericoteixeira/pyenv/rock-env/lib/python3.9/site-packages/nbclient/client.py", line 1112, in execute
    return NotebookClient(nb=nb, resources=resources, km=km, **kwargs).execute()
  File "/Users/fredericoteixeira/pyenv/rock-env/lib/python3.9/site-packages/nbclient/util.py", line 74, in wrapped
    return just_run(coro(*args, **kwargs))
  File "/Users/fredericoteixeira/pyenv/rock-env/lib/python3.9/site-packages/nbclient/util.py", line 53, in just_run
    return loop.run_until_complete(coro)
  File "/Library/Frameworks/Python.framework/Versions/3.9/lib/python3.9/asyncio/base_events.py", line 642, in run_until_complete
    return future.result()
  File "/Users/fredericoteixeira/pyenv/rock-env/lib/python3.9/site-packages/nbclient/client.py", line 553, in async_execute
    await self.async_execute_cell(
  File "/Users/fredericoteixeira/pyenv/rock-env/lib/python3.9/site-packages/nbclient/client.py", line 857, in async_execute_cell
    self._check_raise_for_error(cell, exec_reply)
  File "/Users/fredericoteixeira/pyenv/rock-env/lib/python3.9/site-packages/nbclient/client.py", line 760, in _check_raise_for_error
    raise CellExecutionError.from_cell_and_msg(cell, exec_reply_content)
nbclient.exceptions.CellExecutionError: An error occurred while executing the following cell:
------------------
```{math}

\newcommand{\mckenzie}{M\textsuperscript{c}Kenzie}
\newcommand{\matlab}{\textsc{Matlab}}
\newcommand{\rve}{\text{\tiny RVE}}
\newcommand{\infd}{\textrm{d}}
\newcommand{\diracdelta}{\updelta}
\newcommand{\infv}{\textrm{d}^3\microposvec}
\newcommand{\infs}{\textrm{d}\boldsymbol{S}}
\newcommand{\scale}[1]{\left[{#1}\right]}
\newcommand{\diff}[2]{\frac{\textrm{d}{#1}}{\textrm{d}{#2}}}
\newcommand{\difftwo}[2]{\frac{\textrm{d}^2{#1}}{\textrm{d}{#2}^2}}
\newcommand{\pdiff}[2]{\frac{\partial{#1}}{\partial{#2}}}
\newcommand{\pdifftwo}[2]{\frac{\partial^2{#1}}{\partial{#2}^2}}
\newcommand{\pdiffmix}[3]{\frac{\partial^2{#1}}{\partial{#2}\partial{#3}}}
\newcommand{\lagdiff}[3]{\frac{\textrm{D}_{#1}{#2}}{\textrm{D}{#3}}}
\newcommand{\Grad}{\boldsymbol{\nabla}}
\newcommand{\Div}{\Grad\!\cdot}
\newcommand{\Curl}{\Grad\!\times}
\newcommand{\delsq}{\nabla^2}
\newcommand{\biharm}{\nabla^4}
\newcommand{\identity}{\boldsymbol{I}}
\newcommand{\transp}{\intercal}
\newcommand{\tr}{\text{trace\,}}
\newcommand{\unit}[1]{\hat{#1}}
\newcommand{\xhat}{\unit{\boldsymbol{x}}}
\newcommand{\yhat}{\unit{\boldsymbol{y}}}
\newcommand{\zhat}{\unit{\boldsymbol{z}}}
\newcommand{\rhat}{\unit{\boldsymbol{r}}}
\newcommand{\thetahat}{\unit{\boldsymbol{\theta}}}
\newcommand{\normalvec}{\boldsymbol{n}}
\newcommand{\unitnormalvec}{\unit{\normalvec}}
\newcommand{\smallpar}{\epsilon}
\newcommand{\zeroth}{^{(0)}}
\newcommand{\first}{^{(1)}}
\newcommand{\second}{^{(2)}}
\newcommand{\fz}{^{(1,z)}}
\newcommand{\order}[1]{\mathcal{O}\!\left(#1\right)}
\newcommand{\wavelength}{l} 
\newcommand{\wavenumber}{k}
\newcommand{\wavevector}{\boldsymbol{k}}
\newcommand{\growamp}{s}
\newcommand{\growrate}{\dot{\growamp}}
\newcommand{\indicate}{\Phi}
\newcommand{\liquid}{\ell}
\newcommand{\solid}{s}
\newcommand{\liq}{^\liquid}
\newcommand{\sol}{^\solid}
\newcommand{\melt}{^{\Gamma}}
\newcommand{\lith}{^\text{lith}}
\newcommand{\interface}{\mathcal{I}}
\newcommand{\intfc}{^\interface}
\newcommand{\solsol}{_{\solid\solid}}
\newcommand{\liqsol}{_{\liquid\solid}}
\newcommand{\obar}[1]{\overline{#1}}
\newcommand{\posvec}{\boldsymbol{x}}
\newcommand{\micro}[1]{\breve{#1}}
\newcommand{\microposvec}{\micro{\posvec}}
\newcommand{\pres}{P}
\newcommand{\cmppres}{\mathcal{\pres}}
\newcommand{\effpres}{\cmppres^\text{eff}}
\newcommand{\por}{\phi}
\newcommand{\npor}{\varphi}
\newcommand{\pordisagg}{\por_\Xi}
\newcommand{\omp}{(1-\por)}
\newcommand{\cmp}{\mathcal{C}}
\newcommand{\cmplength}{\delta}
\newcommand{\scalarvel}{v}
\newcommand{\vel}{\boldsymbol{\scalarvel}}
\newcommand{\microvel}{\micro{\vel}}
\newcommand{\segflux}{\boldsymbol{q}}
\newcommand{\gravity}{\mathbf{g}}
\newcommand{\density}{\rho}
\newcommand{\interphase}{\mathbf{F}}
\newcommand{\drag}{D}
\newcommand{\vectorpotential}{\boldsymbol{\Psi}}
\newcommand{\scalarpotential}{\mathcal{U}}
\newcommand{\reynolds}{\text{Re}}
\newcommand{\shearstrainrate}{\dot{\gamma}}
\newcommand{\strainrate}{\dot{\varepsilon}}
\newcommand{\fullstrrten}{\dot{\boldsymbol{e}}}
\newcommand{\strrten}{\dot{\boldsymbol{\varepsilon}}}
\newcommand{\strrinv}{\dot{\varepsilon}_{II}}
\newcommand{\stressten}{\boldsymbol{\sigma}}
\newcommand{\devstressten}{\boldsymbol{\tau}}
\newcommand{\effstressten}{\obar{\stressten}^\text{eff}}
\newcommand{\cmpviscconst}{C}
\newcommand{\grainsize}{d}
\newcommand{\meangrainsize}{\langle{d}\rangle}
\newcommand{\liquidvisc}{\mu\liq}
\newcommand{\shearvisc}{\eta_\por}
\newcommand{\bulkvisc}{\zeta_\por}
\newcommand{\cmpvisc}{\xi_\por}
\newcommand{\viscratio}{\nu_\por}
\newcommand{\perm}{k_\por}
\newcommand{\mobility}{K_\por}
\newcommand{\permexp}{n}
\newcommand{\porweaken}{\lambda}
\newcommand{\grainexp}{\mathfrak{m}}
\newcommand{\strrexp}{\mathfrak{n}}
\newcommand{\strrexpc}{\mathcal{N}}
\newcommand{\activationE}{E^*}
\newcommand{\activationV}{V^*}
\newcommand{\zpfte}{\left(\bulkvisc+\tfrac{4}{3}\shearvisc\right)}
\newcommand{\Thermoeq}{\boldsymbol{\Theta}}
\newcommand{\mf}{f}
\newcommand{\omf}{(1-\mf)}
\newcommand{\energy}{e}
\newcommand{\enthalpy}{h}
\newcommand{\Gibbs}{G}
\newcommand{\gibbs}{g}
\newcommand{\entropy}{\textrm{s}}
\newcommand{\bulkenthalpy}{H}
\newcommand{\temp}{T}
\newcommand{\potemp}{\temp_p}
\newcommand{\dFdT}{\mathcal{M}_F}
\newcommand{\clapeyron}{\vartheta}
\newcommand{\flux}{\boldsymbol{J}}
\newcommand{\heatcapacity}{c_\pres}
\newcommand{\conductivity}{k_\energy}
\newcommand{\latent}{L}
\newcommand{\expansivity}{\alpha}
\newcommand{\thermaldiffuse}{\kappa}
\newcommand{\radheat}{\mathcal{Q}}
\newcommand{\dissipation}{\Psi}
\newcommand{\adiprod}{\left.\tfrac{\infd{F}}{\infd{z}}\right\vert_\entropy}
\newcommand{\affinity}{\Delta\chempo}
\newcommand{\onsagermatrix}{E}
\newcommand{\con}{c}
\newcommand{\lncon}{C}
\newcommand{\chempo}{\mu}
\newcommand{\molfrac}{X}
\newcommand{\act}{a}
\newcommand{\inact}{\tilde{\act}}
\newcommand{\actvec}{\boldsymbol{\act}}
\newcommand{\chemdiffuse}{\mathcal{D}}
\newcommand{\chemdisperse}{\tilde{\boldsymbol{\chemdiffuse}}}
\newcommand{\rxnrate}{\mathcal{R}}
\newcommand{\pure}[1]{\mathring{{#1}}}
\newcommand{\molarmass}{M}
\newcommand{\phasemolarmass}{\mathcal{M}}
\newcommand{\exrxn}{\mathcal{X}}
\newcommand{\parcod}{K}
\newcommand{\parco}{\equi{\parcod}}
\newcommand{\molarparco}{\parco^{*}}
\newcommand{\equi}[1]{\check{{#1}}}
\newcommand{\equicon}{\equi{\con}}
\newcommand{\deco}{\lambda}
\newcommand{\dico}{D}
\newcommand{\dicovec}{\boldsymbol{\dico}}
\newcommand{\dicoratio}{\dico^r}
\newcommand{\traceexrate}{r}
\newcommand{\isotp}[2]{{^{#1}\textrm{#2}}}
\newcommand{\halflife}{\tau^{(1/2)}}
\newcommand{\decarrow}[1]{\overset{#1}{\longrightarrow}}
\newcommand{\boxmeltrate}{\mathcal{G}}
\newcommand{\decaymatrix}{\boldsymbol{\mathcal{L}}}
\newcommand{\ddecaymatrix}{\grave{\decaymatrix}}
\newcommand{\eigenvecs}{\boldsymbol{V}}
\newcommand{\cotwo}{CO$_2${}}
\newcommand{\olivine}{\textrm{Ol}}
\newcommand{\opx}{\textrm{Opx}}
\newcommand{\mgol}{{\text{Mg}_2\text{SiO}_4}}
\newcommand{\mgopx}{{\text{Mg}_2\text{Si}_2\text{O}_6}}
\newcommand{\mgo}{\text{MgO}}
\newcommand{\qtz}{{\text{SiO}_2}}
\newcommand{\solidus}{\mathcal{S}}
\newcommand{\liquidus}{\mathcal{L}}
\newcommand{\Fmax}{F_\text{max}}
\newcommand{\pormax}{\por_\text{max}}
\newcommand{\coninflow}{\con\sol_0}
\newcommand{\melttemp}{\temp^m}
\newcommand{\soltemp}{\temp^\solidus}
\newcommand{\liqtemp}{\temp^\liquidus}
\newcommand{\solslope}{M^\solidus}
\newcommand{\liqslope}{M^\liquidus}
\newcommand{\effvel}[1]{w^{\dico_{#1}}}
\newcommand{\effvelcon}[1]{{w}^{\dico_{#1}}_0}
\newcommand{\coltime}[1]{\tau^\text{col}_{#1}}
\newcommand{\velratio}{v_r}
\newcommand{\freezelength}{\delta_f}
\newcommand{\fluxpar}{\mathcal{Q}}
\newcommand{\Kk}{\mathcal{K}}
\newcommand{\cmpvel}{\vel^\cmp}
\newcommand{\dpro}{\mathcal{G}}
\newcommand{\rpro}{\mathcal{M}}
\newcommand{\Pe}{\textrm{Pe}}
\newcommand{\Da}{\textrm{Da}}
\newcommand{\DaPe}{\textrm{DaPe}}
\newcommand{\DaII}{\textrm{Da}_\textrm{II}}
\newcommand{\usat}{\chi}
\newcommand{\stiff}{\mathcal{S}}
\newcommand{\cbasestate}{\mathcal{F}}
\newcommand{\layerthick}{\mathcal{H}}
\newcommand{\layerstress}{\mathcal{F}}
\newcommand{\layershear}{\mathcal{S}}
\newcommand{\layershearstress}{\mathcal{T}}
\newcommand{\cmpdisspar}{\Pi}
\newcommand{\e}{\text{e}}
\newcommand{\Ra}{\textrm{Ra}}
\newcommand{\buoynumber}{\textrm{B}}
\newcommand{\sfce}{\upgamma}
\newcommand{\dihed}{\Theta}
\newcommand{\solwave}{\Lambda}
\newcommand{\solwavespeed}{\upsilon}
\newcommand{\solwaveamp}{\solwave^*}
\newcommand{\bandangle}{\theta}
\newcommand{\sfcten}{\tau}
\newcommand{\intarea}{\mathcal{A}}
\newcommand{\sfctenpar}{\mathcal{S}}
\newcommand{\sfctenvshear}{\text{D}_\interface}
\newcommand{\sfc}{\text{sfc}}
\newcommand{\meltregion}{\mathcal{Z}}
\newcommand{\efocus}{E_F}
\newcommand{\xfocus}{\Delta{x}_F}
\newcommand{\assembly}{{\mathlarger{\mathlarger{\mathscr{A}}}}}
\newcommand{\twonorm}[1]{\left\vert\left\vert{#1}\right\vert\right\vert_2}
\newcommand{\testfunc}{\mathcal{W}}
\newcommand{\test}[1]{\hat{#1}}
\newcommand{\aprx}[1]{\tilde{#1}}
\newcommand{\Dx}{\Delta{x}}
\newcommand{\Dy}{\Delta{y}}
\newcommand{\Dz}{\Delta{z}}
\newcommand{\Dh}{\Delta{h}}
\newcommand{\Dt}{\Delta{t}}
\newcommand{\error}{E}
\newcommand{\basis}{\mathcal{S}}
\newcommand{\manufac}{\text{mfc}}
\newcommand{\cmpforce}{F_\manufac}
\newcommand{\stokesforce}{\boldsymbol{G}_\manufac}
\newcommand{\LambertW}{\mathcal{W}}
```
------------------

[0;36m  File [0;32m"/var/folders/4z/_rhsq3x965gc56klbm0nmv040000gn/T/ipykernel_23896/2042929905.py"[0;36m, line [0;32m1[0m
[0;31m    ```{math}[0m
[0m    ^[0m
[0;31mSyntaxError[0m[0;31m:[0m invalid syntax

SyntaxError: invalid syntax (2042929905.py, line 1)

