Traceback (most recent call last):
  File "/Users/fredericoteixeira/Projects/partially-molten-rock-PUP/rock-env/lib/python3.9/site-packages/jupyter_cache/executors/utils.py", line 51, in single_nb_execution
    executenb(
  File "/Users/fredericoteixeira/Projects/partially-molten-rock-PUP/rock-env/lib/python3.9/site-packages/nbclient/client.py", line 1117, in execute
    return NotebookClient(nb=nb, resources=resources, km=km, **kwargs).execute()
  File "/Users/fredericoteixeira/Projects/partially-molten-rock-PUP/rock-env/lib/python3.9/site-packages/nbclient/util.py", line 78, in wrapped
    return just_run(coro(*args, **kwargs))
  File "/Users/fredericoteixeira/Projects/partially-molten-rock-PUP/rock-env/lib/python3.9/site-packages/nbclient/util.py", line 57, in just_run
    return loop.run_until_complete(coro)
  File "/Library/Frameworks/Python.framework/Versions/3.9/lib/python3.9/asyncio/base_events.py", line 642, in run_until_complete
    return future.result()
  File "/Users/fredericoteixeira/Projects/partially-molten-rock-PUP/rock-env/lib/python3.9/site-packages/nbclient/client.py", line 558, in async_execute
    await self.async_execute_cell(
  File "/Users/fredericoteixeira/Projects/partially-molten-rock-PUP/rock-env/lib/python3.9/site-packages/nbclient/client.py", line 862, in async_execute_cell
    self._check_raise_for_error(cell, exec_reply)
  File "/Users/fredericoteixeira/Projects/partially-molten-rock-PUP/rock-env/lib/python3.9/site-packages/nbclient/client.py", line 765, in _check_raise_for_error
    raise CellExecutionError.from_cell_and_msg(cell, exec_reply_content)
nbclient.exceptions.CellExecutionError: An error occurred while executing the following cell:
------------------
f, ax = plt.subplots(1, 5)
f.set_size_inches(18.0, 9.0)
f.set_facecolor('w')

lsty = ['-', '-.', '--']

ax[0].plot(col.f/col.f[-1], col.z,'-k', linewidth=2)
ax[0].set_ylabel(r'$z/z_0$', fontsize=22)
ax[0].set_xlabel(r'$\phi/\phi_{max}$', fontsize=20)
ax[0].set_ylim(0.0, 1.0)
ax[0].set_xticks((0.0, 0.5, 1.0))
ax[0].set_yticks(np.arange(0.0, 1.01, 0.1))
ax[0].tick_params(axis='both', which='major', labelsize=13)
ax[0].text(
    1.0, 0.01, '(a)', fontsize=20, 
    verticalalignment='bottom', horizontalalignment='right'
)

for eli, lstyi in zip(el, lsty):
    ax[0, 1].plot(eli.ab, col.z, 'k', linewidth=2, linestyle=lstyi)

ax[1].plot([1./col.Fmax, 1./col.Fmax], [0., 1.], ':k', linewidth=1)
ax[1].set_xscale('log')
ax[1].set_xlabel(r'$[D_j + (1-D_j)F_{max}z]^{-1}$', fontsize=20)
ax[1].set_ylim(0.0, 1.0)
ax[1].set_xticks((1e0, 1e2))
ax[1].set_yticks(())
ax[1].tick_params(axis='both', which='major', labelsize=13)
ax[1].text(
    2e3, 0.02, '(b)', fontsize=20, 
    verticalalignment='bottom', horizontalalignment='right'
)

for eli, lstyi in zip(el, lsty):
    ax[0, 2].plot(eli.a/eli.ab, col.z, 'k', linewidth=2, linestyle=lstyi)

ax[2].set_yticks(())
ax[2].set_xlim(0.9, 5.0)
ax[2].set_ylim(0.0, 1.0)
ax[2].set_xlabel(r'$\tilde{a}_j^\ell$', fontsize=20)
ax[2].tick_params(axis='both', which='major', labelsize=13)
ax[2].text(
    4.9, 0.01, '(c)', fontsize=20, 
    verticalalignment='bottom', horizontalalignment='right'
)

p = [
    ax[1, 0].semilogx(
        eli.a, col.z, 'k', linewidth=2, linestyle=lstyi
    ) for eli, lstyi in zip(el, lsty)
]
ax[3].set_xticks((1e0, 1e2))
ax[3].set_yticks(())
ax[3].set_ylim(0.0, 1.0)
ax[3].set_xlabel(r'$a^\ell_j$', fontsize=20)
ax[3].tick_params(axis='both', which='major', labelsize=13)
ax[3].text(
    2e3, 0.02, '(d)', fontsize=20, 
    verticalalignment='bottom', horizontalalignment='right'
)
ax[3].legend(
    handles=[p_[0] for p_ in p], 
    labels=['$^{238}$U', r'$^{230}$Th', r'$^{226}$Ra'], 
    fontsize=15, bbox_to_anchor=(-1.5, 1.02, 2.0, .2), 
    loc='lower left', ncol=3, mode="expand", borderaxespad=0.
)

q = [
    ax[3].plot(
        elim.a/eli.a, col.z, 'k', linewidth=2, linestyle=lstyi
    ) for elim, eli, lstyi in zip(el[0:-1], el[1:], lsty[0:-1])
]

ax[4].plot([1.0, 1.0], [0.0, 1.0], ':k', linewidth=1)
ax[4].set_xticks((0.0, 0.5, 1.0))
ax[4].set_yticks(())
ax[4].set_xlim(0.0, 1.15)
ax[4].set_ylim(0.0, 1.0)
ax[4].set_xlabel(r'${a}_{j-1}^\ell/{a}_{j}^\ell$', fontsize=20)
ax[4].tick_params(axis='both', which='major', labelsize=13)
ax[4].text(
    0.5, 0.01, '(e)', fontsize=20, 
    verticalalignment='bottom', horizontalalignment='right'
)
ax[4].legend(
    handles=[q_[0] for q_ in q], 
    labels=[r'$^{238}$U$/^{230}$Th', r'$^{230}$Th$/^{226}$Ra'], 
    fontsize=15, bbox_to_anchor=(0.0, 1.02, 0.8, .2), 
    loc='lower left', ncol=1, mode="expand", borderaxespad=0.
)

f.supxlabel("Figure 11.9", fontsize=20)

plt.show()
------------------

[0;31m---------------------------------------------------------------------------[0m
[0;31mIndexError[0m                                Traceback (most recent call last)
[0;32m/var/folders/4z/_rhsq3x965gc56klbm0nmv040000gn/T/ipykernel_77422/480125769.py[0m in [0;36m<module>[0;34m[0m
[1;32m     18[0m [0;34m[0m[0m
[1;32m     19[0m [0;32mfor[0m [0meli[0m[0;34m,[0m [0mlstyi[0m [0;32min[0m [0mzip[0m[0;34m([0m[0mel[0m[0;34m,[0m [0mlsty[0m[0;34m)[0m[0;34m:[0m[0;34m[0m[0;34m[0m[0m
[0;32m---> 20[0;31m     [0max[0m[0;34m[[0m[0;36m0[0m[0;34m,[0m [0;36m1[0m[0;34m][0m[0;34m.[0m[0mplot[0m[0;34m([0m[0meli[0m[0;34m.[0m[0mab[0m[0;34m,[0m [0mcol[0m[0;34m.[0m[0mz[0m[0;34m,[0m [0;34m'k'[0m[0;34m,[0m [0mlinewidth[0m[0;34m=[0m[0;36m2[0m[0;34m,[0m [0mlinestyle[0m[0;34m=[0m[0mlstyi[0m[0;34m)[0m[0;34m[0m[0;34m[0m[0m
[0m[1;32m     21[0m [0;34m[0m[0m
[1;32m     22[0m [0max[0m[0;34m[[0m[0;36m1[0m[0;34m][0m[0;34m.[0m[0mplot[0m[0;34m([0m[0;34m[[0m[0;36m1.[0m[0;34m/[0m[0mcol[0m[0;34m.[0m[0mFmax[0m[0;34m,[0m [0;36m1.[0m[0;34m/[0m[0mcol[0m[0;34m.[0m[0mFmax[0m[0;34m][0m[0;34m,[0m [0;34m[[0m[0;36m0.[0m[0;34m,[0m [0;36m1.[0m[0;34m][0m[0;34m,[0m [0;34m':k'[0m[0;34m,[0m [0mlinewidth[0m[0;34m=[0m[0;36m1[0m[0;34m)[0m[0;34m[0m[0;34m[0m[0m

[0;31mIndexError[0m: too many indices for array: array is 1-dimensional, but 2 were indexed
IndexError: too many indices for array: array is 1-dimensional, but 2 were indexed

