Traceback (most recent call last):
  File "/Users/fredericoteixeira/Projects/partially-molten-rock-PUP/rock-env/lib/python3.9/site-packages/jupyter_cache/executors/utils.py", line 51, in single_nb_execution
    executenb(
  File "/Users/fredericoteixeira/Projects/partially-molten-rock-PUP/rock-env/lib/python3.9/site-packages/nbclient/client.py", line 1117, in execute
    return NotebookClient(nb=nb, resources=resources, km=km, **kwargs).execute()
  File "/Users/fredericoteixeira/Projects/partially-molten-rock-PUP/rock-env/lib/python3.9/site-packages/nbclient/util.py", line 78, in wrapped
    return just_run(coro(*args, **kwargs))
  File "/Users/fredericoteixeira/Projects/partially-molten-rock-PUP/rock-env/lib/python3.9/site-packages/nbclient/util.py", line 57, in just_run
    return loop.run_until_complete(coro)
  File "/Library/Frameworks/Python.framework/Versions/3.9/lib/python3.9/asyncio/base_events.py", line 642, in run_until_complete
    return future.result()
  File "/Users/fredericoteixeira/Projects/partially-molten-rock-PUP/rock-env/lib/python3.9/site-packages/nbclient/client.py", line 558, in async_execute
    await self.async_execute_cell(
  File "/Users/fredericoteixeira/Projects/partially-molten-rock-PUP/rock-env/lib/python3.9/site-packages/nbclient/client.py", line 862, in async_execute_cell
    self._check_raise_for_error(cell, exec_reply)
  File "/Users/fredericoteixeira/Projects/partially-molten-rock-PUP/rock-env/lib/python3.9/site-packages/nbclient/client.py", line 765, in _check_raise_for_error
    raise CellExecutionError.from_cell_and_msg(cell, exec_reply_content)
nbclient.exceptions.CellExecutionError: An error occurred while executing the following cell:
------------------
k_iref, s_iref = DC_ref.k[iref], DC_ref.s[iref]
par = PAR()
SA_ref = reactive_flow_solve_dispersion(k_iref, s_iref, par)

lambda_ = 2.0 * np.pi/k_iref
X, Z = np.meshgrid(
    np.linspace(0.0, 2.0 * lambda_, par.nz), 
    np.linspace(0.0, 1.0, par.nz)
)
P = np.real(
    np.tile(SA_ref.eig.P, (par.nz, 1)).transpose() * \
        p.exp(1j * k_iref * X)
)
phi = np.real(
    np.tile(SA_ref.eig.phi, (par.nz, 1)).transpose() * \
        np.exp(1j * k_iref * X)
)
epsilon = 3.e-5
h = 0.1/(par.nz+1.0)
hx = X[0,1] - X[0,0]
hz =  Z[1,0] - Z[0,0]
Pz, Px = np.gradient(P, hz, hx)
F = par.F 
U = epsilon * np.real(- par.S * Px)
W = F + epsilon * np.real((par.n-1) * phi - par.S * Pz)
Chi = s_iref * phi - P

P = np.real(P)
P = (P - np.amin(P))/(np.amax(P) - np.amin(P))
phi = np.real(phi)
phi = (phi - np.amin(phi))/(np.amax(phi) - np.amin(phi))
Chi = np.real(Chi)
Chi = (Chi - np.amin(Chi))/(np.amax(Chi) - np.amin(Chi))
------------------

[0;31m---------------------------------------------------------------------------[0m
[0;31mNameError[0m                                 Traceback (most recent call last)
[0;32m/var/folders/4z/_rhsq3x965gc56klbm0nmv040000gn/T/ipykernel_76478/2890795024.py[0m in [0;36m<module>[0;34m[0m
[1;32m     10[0m P = np.real(
[1;32m     11[0m     [0mnp[0m[0;34m.[0m[0mtile[0m[0;34m([0m[0mSA_ref[0m[0;34m.[0m[0meig[0m[0;34m.[0m[0mP[0m[0;34m,[0m [0;34m([0m[0mpar[0m[0;34m.[0m[0mnz[0m[0;34m,[0m [0;36m1[0m[0;34m)[0m[0;34m)[0m[0;34m.[0m[0mtranspose[0m[0;34m([0m[0;34m)[0m [0;34m*[0m[0;31m [0m[0;31m\[0m[0;34m[0m[0;34m[0m[0m
[0;32m---> 12[0;31m         [0mp[0m[0;34m.[0m[0mexp[0m[0;34m([0m[0;36m1j[0m [0;34m*[0m [0mk_iref[0m [0;34m*[0m [0mX[0m[0;34m)[0m[0;34m[0m[0;34m[0m[0m
[0m[1;32m     13[0m )
[1;32m     14[0m phi = np.real(

[0;31mNameError[0m: name 'p' is not defined
NameError: name 'p' is not defined

